Tensorflow support disabled.
2018-08-07 00:54:01 [DEBUG] 1673 total lines in file
2018-08-07 00:54:01 [INFO ] 1673 valid lines in file
2018-08-07 00:54:01 [DEBUG] Category 0 has 422 images.
2018-08-07 00:54:01 [DEBUG] Category 1 has 414 images.
2018-08-07 00:54:01 [DEBUG] Category 2 has 422 images.
2018-08-07 00:54:01 [DEBUG] Category 3 has 415 images.
2018-08-07 00:54:03 [DEBUG] Processed 0/1673
2018-08-07 00:54:05 [DEBUG] Processed 0/1673
2018-08-07 00:54:08 [DEBUG] Processed 100/1673
2018-08-07 00:54:10 [DEBUG] Processed 100/1673
2018-08-07 00:54:12 [DEBUG] Processed 200/1673
2018-08-07 00:54:14 [DEBUG] Processed 200/1673
2018-08-07 00:54:16 [DEBUG] Processed 300/1673
2018-08-07 00:54:18 [DEBUG] Processed 300/1673
2018-08-07 00:54:20 [DEBUG] Processed 400/1673
2018-08-07 00:54:22 [DEBUG] Processed 400/1673
2018-08-07 00:54:24 [DEBUG] Processed 500/1673
2018-08-07 00:54:26 [DEBUG] Processed 600/1673
2018-08-07 00:54:28 [DEBUG] Processed 600/1673
2018-08-07 00:54:30 [DEBUG] Processed 700/1673
2018-08-07 00:54:32 [DEBUG] Processed 800/1673
2018-08-07 00:54:35 [DEBUG] Processed 900/1673
2018-08-07 00:54:37 [DEBUG] Processed 1000/1673
2018-08-07 00:54:39 [DEBUG] Processed 1100/1673
2018-08-07 00:54:41 [DEBUG] Processed 1200/1673
2018-08-07 00:54:43 [DEBUG] Processed 1300/1673
2018-08-07 00:54:45 [DEBUG] Processed 1400/1673
2018-08-07 00:54:47 [DEBUG] Processed 1500/1673
2018-08-07 00:54:49 [DEBUG] Processed 1600/1673
2018-08-07 00:54:50 [DEBUG] 1673 images loaded
2018-08-07 00:54:50 [INFO ] 1673 images written to database
2018-08-07 00:54:50 [INFO ] Mean saved at "/opt/DIGITS/digits/jobs/20180807-005356-6ff9/mean.binaryproto"
2018-08-07 00:54:50 [INFO ] Mean saved at "/opt/DIGITS/digits/jobs/20180807-005356-6ff9/mean.jpg"
